#-----------------------------------------------------------
# Vivado v2024.2 (64-bit)
# SW Build 5239630 on Fri Nov 08 22:35:27 MST 2024
# IP Build 5239520 on Sun Nov 10 16:12:51 MST 2024
# SharedData Build 5239561 on Fri Nov 08 14:39:27 MST 2024
# Start of session at: Sun Jun  8 17:17:01 2025
# Process ID         : 3500
# Current directory  : D:/SKRIPSI/Perkembangan_14_MEI_2025/UART_RX/VHDL/Pengiriman_UART_RX_5_Mei_2025
# Command line       : vivado.exe -gui_launcher_event rodinguilauncherevent2452 D:\SKRIPSI\Perkembangan_14_MEI_2025\UART_RX\VHDL\Pengiriman_UART_RX_5_Mei_2025\Pengiriman_UART_RX_5_Mei_2025.xpr
# Log file           : D:/SKRIPSI/Perkembangan_14_MEI_2025/UART_RX/VHDL/Pengiriman_UART_RX_5_Mei_2025/vivado.log
# Journal file       : D:/SKRIPSI/Perkembangan_14_MEI_2025/UART_RX/VHDL/Pengiriman_UART_RX_5_Mei_2025\vivado.jou
# Running On         : DESKTOP-BEQKE54
# Platform           : Windows Server 2016 or Windows 10
# Operating System   : 19045
# Processor Detail   : AMD Ryzen 3 3300U with Radeon Vega Mobile Gfx  
# CPU Frequency      : 2096 MHz
# CPU Physical cores : 4
# CPU Logical cores  : 4
# Host memory        : 3667 MB
# Swap memory        : 9620 MB
# Total Virtual      : 13288 MB
# Available Virtual  : 2731 MB
#-----------------------------------------------------------
start_gui
open_project D:/SKRIPSI/Perkembangan_14_MEI_2025/UART_RX/VHDL/Pengiriman_UART_RX_5_Mei_2025/Pengiriman_UART_RX_5_Mei_2025.xpr
INFO: [filemgmt 56-3] Default IP Output Path : Could not find the directory 'D:/SKRIPSI/Perkembangan_14_MEI_2025/UART_RX/VHDL/Pengiriman_UART_RX_5_Mei_2025/Pengiriman_UART_RX_5_Mei_2025.gen/sources_1'.
Scanning sources...
Finished scanning sources
INFO: [IP_Flow 19-234] Refreshing IP repositories
INFO: [IP_Flow 19-1704] No user IP repositories specified
INFO: [IP_Flow 19-2313] Loaded Vivado IP repository 'D:/Xilinx/Vivado/2024.2/data/ip'.
open_project: Time (s): cpu = 00:00:12 ; elapsed = 00:00:06 . Memory (MB): peak = 1179.930 ; gain = 71.863
update_compile_order -fileset sources_1
reset_run synth_1
INFO: [Project 1-1161] Replacing file D:/SKRIPSI/Perkembangan_14_MEI_2025/UART_RX/VHDL/Pengiriman_UART_RX_5_Mei_2025/Pengiriman_UART_RX_5_Mei_2025.srcs/utils_1/imports/synth_1/UART_RX.dcp with file D:/SKRIPSI/Perkembangan_14_MEI_2025/UART_RX/VHDL/Pengiriman_UART_RX_5_Mei_2025/Pengiriman_UART_RX_5_Mei_2025.runs/synth_1/TOP_RX.dcp
launch_runs impl_1 -to_step write_bitstream -jobs 2
[Sun Jun  8 17:19:27 2025] Launched synth_1...
Run output will be captured here: D:/SKRIPSI/Perkembangan_14_MEI_2025/UART_RX/VHDL/Pengiriman_UART_RX_5_Mei_2025/Pengiriman_UART_RX_5_Mei_2025.runs/synth_1/runme.log
[Sun Jun  8 17:19:27 2025] Launched impl_1...
Run output will be captured here: D:/SKRIPSI/Perkembangan_14_MEI_2025/UART_RX/VHDL/Pengiriman_UART_RX_5_Mei_2025/Pengiriman_UART_RX_5_Mei_2025.runs/impl_1/runme.log
exit
INFO: [Common 17-206] Exiting Vivado at Sun Jun  8 17:23:05 2025...
