#-----------------------------------------------------------
# Vivado v2024.2 (64-bit)
# SW Build 5239630 on Fri Nov 08 22:35:27 MST 2024
# IP Build 5239520 on Sun Nov 10 16:12:51 MST 2024
# SharedData Build 5239561 on Fri Nov 08 14:39:27 MST 2024
# Start of session at: Sun Jun  8 17:48:54 2025
# Process ID         : 9596
# Current directory  : D:/SKRIPSI/Perkembangan_14_MEI_2025/UART_RX/VHDL/Pengiriman_UART_RX_5_Mei_2025
# Command line       : vivado.exe -gui_launcher_event rodinguilauncherevent13452 D:\SKRIPSI\Perkembangan_14_MEI_2025\UART_RX\VHDL\Pengiriman_UART_RX_5_Mei_2025\Pengiriman_UART_RX_5_Mei_2025.xpr
# Log file           : D:/SKRIPSI/Perkembangan_14_MEI_2025/UART_RX/VHDL/Pengiriman_UART_RX_5_Mei_2025/vivado.log
# Journal file       : D:/SKRIPSI/Perkembangan_14_MEI_2025/UART_RX/VHDL/Pengiriman_UART_RX_5_Mei_2025\vivado.jou
# Running On         : DESKTOP-BEQKE54
# Platform           : Windows Server 2016 or Windows 10
# Operating System   : 19045
# Processor Detail   : AMD Ryzen 3 3300U with Radeon Vega Mobile Gfx  
# CPU Frequency      : 2096 MHz
# CPU Physical cores : 4
# CPU Logical cores  : 4
# Host memory        : 3667 MB
# Swap memory        : 9530 MB
# Total Virtual      : 13198 MB
# Available Virtual  : 3971 MB
#-----------------------------------------------------------
start_gui
open_project D:/SKRIPSI/Perkembangan_14_MEI_2025/UART_RX/VHDL/Pengiriman_UART_RX_5_Mei_2025/Pengiriman_UART_RX_5_Mei_2025.xpr
INFO: [filemgmt 56-3] Default IP Output Path : Could not find the directory 'D:/SKRIPSI/Perkembangan_14_MEI_2025/UART_RX/VHDL/Pengiriman_UART_RX_5_Mei_2025/Pengiriman_UART_RX_5_Mei_2025.gen/sources_1'.
Scanning sources...
Finished scanning sources
INFO: [IP_Flow 19-234] Refreshing IP repositories
INFO: [IP_Flow 19-1704] No user IP repositories specified
INFO: [IP_Flow 19-2313] Loaded Vivado IP repository 'D:/Xilinx/Vivado/2024.2/data/ip'.
open_project: Time (s): cpu = 00:00:17 ; elapsed = 00:00:11 . Memory (MB): peak = 1174.375 ; gain = 63.910
update_compile_order -fileset sources_1
WARNING: [filemgmt 56-199] Attempt to get parsing info during refresh. "On-the-fly" syntax checking information may be incorrect. [D:\SKRIPSI\Perkembangan_14_MEI_2025\UART_RX\VHDL\Pengiriman_UART_RX_5_Mei_2025\Pengiriman_UART_RX_5_Mei_2025.srcs\sources_1\new\UART_RX_LAMA.vhd:]
WARNING: [filemgmt 56-199] Attempt to get parsing info during refresh. "On-the-fly" syntax checking information may be incorrect. [D:\SKRIPSI\Perkembangan_14_MEI_2025\UART_RX\VHDL\Pengiriman_UART_RX_5_Mei_2025\Pengiriman_UART_RX_5_Mei_2025.srcs\sources_1\new\TOP_RX.vhd:]
WARNING: [filemgmt 56-199] Attempt to get parsing info during refresh. "On-the-fly" syntax checking information may be incorrect. [D:\SKRIPSI\Perkembangan_14_MEI_2025\UART_RX\VHDL\Pengiriman_UART_RX_5_Mei_2025\Pengiriman_UART_RX_5_Mei_2025.srcs\sources_1\new\UART_RX_LAMA.vhd:]
WARNING: [filemgmt 56-199] Attempt to get parsing info during refresh. "On-the-fly" syntax checking information may be incorrect. [D:\SKRIPSI\Perkembangan_14_MEI_2025\UART_RX\VHDL\Pengiriman_UART_RX_5_Mei_2025\Pengiriman_UART_RX_5_Mei_2025.srcs\sources_1\new\UART_RX_LAMA.vhd:]
update_compile_order -fileset sources_1
WARNING: [filemgmt 56-199] Attempt to get parsing info during refresh. "On-the-fly" syntax checking information may be incorrect. [D:\SKRIPSI\Perkembangan_14_MEI_2025\UART_RX\VHDL\Pengiriman_UART_RX_5_Mei_2025\Pengiriman_UART_RX_5_Mei_2025.srcs\sources_1\new\UART_RX_LAMA.vhd:]
WARNING: [filemgmt 56-199] Attempt to get parsing info during refresh. "On-the-fly" syntax checking information may be incorrect. [D:\SKRIPSI\Perkembangan_14_MEI_2025\UART_RX\VHDL\Pengiriman_UART_RX_5_Mei_2025\Pengiriman_UART_RX_5_Mei_2025.srcs\sources_1\new\TOP_RX.vhd:]
WARNING: [filemgmt 56-199] Attempt to get parsing info during refresh. "On-the-fly" syntax checking information may be incorrect. [D:\SKRIPSI\Perkembangan_14_MEI_2025\UART_RX\VHDL\Pengiriman_UART_RX_5_Mei_2025\Pengiriman_UART_RX_5_Mei_2025.srcs\sources_1\new\UART_RX_LAMA.vhd:]
WARNING: [filemgmt 56-199] Attempt to get parsing info during refresh. "On-the-fly" syntax checking information may be incorrect. [D:\SKRIPSI\Perkembangan_14_MEI_2025\UART_RX\VHDL\Pengiriman_UART_RX_5_Mei_2025\Pengiriman_UART_RX_5_Mei_2025.srcs\sources_1\new\UART_RX_LAMA.vhd:]
ERROR: [Common 17-180] Spawn failed: No error
WARNING: [filemgmt 56-199] Attempt to get parsing info during refresh. "On-the-fly" syntax checking information may be incorrect. [D:\SKRIPSI\Perkembangan_14_MEI_2025\UART_RX\VHDL\Pengiriman_UART_RX_5_Mei_2025\Pengiriman_UART_RX_5_Mei_2025.srcs\sources_1\new\UART_RX_LAMA.vhd:]
WARNING: [filemgmt 56-199] Attempt to get parsing info during refresh. "On-the-fly" syntax checking information may be incorrect. [D:\SKRIPSI\Perkembangan_14_MEI_2025\UART_RX\VHDL\Pengiriman_UART_RX_5_Mei_2025\Pengiriman_UART_RX_5_Mei_2025.srcs\sources_1\new\TOP_RX.vhd:]
WARNING: [filemgmt 56-199] Attempt to get parsing info during refresh. "On-the-fly" syntax checking information may be incorrect. [D:\SKRIPSI\Perkembangan_14_MEI_2025\UART_RX\VHDL\Pengiriman_UART_RX_5_Mei_2025\Pengiriman_UART_RX_5_Mei_2025.srcs\sources_1\new\TOP_RX.vhd:]
WARNING: [filemgmt 56-199] Attempt to get parsing info during refresh. "On-the-fly" syntax checking information may be incorrect. [D:\SKRIPSI\Perkembangan_14_MEI_2025\UART_RX\VHDL\Pengiriman_UART_RX_5_Mei_2025\Pengiriman_UART_RX_5_Mei_2025.srcs\sources_1\new\TOP_RX.vhd:]
ERROR: [Common 17-180] Spawn failed: No error
WARNING: [filemgmt 56-199] Attempt to get parsing info during refresh. "On-the-fly" syntax checking information may be incorrect. [D:\SKRIPSI\Perkembangan_14_MEI_2025\UART_RX\VHDL\Pengiriman_UART_RX_5_Mei_2025\Pengiriman_UART_RX_5_Mei_2025.srcs\sources_1\new\UART_RX_LAMA.vhd:]
WARNING: [filemgmt 56-199] Attempt to get parsing info during refresh. "On-the-fly" syntax checking information may be incorrect. [D:\SKRIPSI\Perkembangan_14_MEI_2025\UART_RX\VHDL\Pengiriman_UART_RX_5_Mei_2025\Pengiriman_UART_RX_5_Mei_2025.srcs\sources_1\new\TOP_RX.vhd:]
WARNING: [filemgmt 56-199] Attempt to get parsing info during refresh. "On-the-fly" syntax checking information may be incorrect. [D:\SKRIPSI\Perkembangan_14_MEI_2025\UART_RX\VHDL\Pengiriman_UART_RX_5_Mei_2025\Pengiriman_UART_RX_5_Mei_2025.srcs\sources_1\new\TOP_RX.vhd:]
WARNING: [filemgmt 56-199] Attempt to get parsing info during refresh. "On-the-fly" syntax checking information may be incorrect. [D:\SKRIPSI\Perkembangan_14_MEI_2025\UART_RX\VHDL\Pengiriman_UART_RX_5_Mei_2025\Pengiriman_UART_RX_5_Mei_2025.srcs\sources_1\new\TOP_RX.vhd:]
WARNING: [filemgmt 56-199] Attempt to get parsing info during refresh. "On-the-fly" syntax checking information may be incorrect. [D:\SKRIPSI\Perkembangan_14_MEI_2025\UART_RX\VHDL\Pengiriman_UART_RX_5_Mei_2025\Pengiriman_UART_RX_5_Mei_2025.srcs\sources_1\new\UART_RX_LAMA.vhd:]
WARNING: [filemgmt 56-199] Attempt to get parsing info during refresh. "On-the-fly" syntax checking information may be incorrect. [D:\SKRIPSI\Perkembangan_14_MEI_2025\UART_RX\VHDL\Pengiriman_UART_RX_5_Mei_2025\Pengiriman_UART_RX_5_Mei_2025.srcs\sources_1\new\TOP_RX.vhd:]
WARNING: [filemgmt 56-199] Attempt to get parsing info during refresh. "On-the-fly" syntax checking information may be incorrect. [D:\SKRIPSI\Perkembangan_14_MEI_2025\UART_RX\VHDL\Pengiriman_UART_RX_5_Mei_2025\Pengiriman_UART_RX_5_Mei_2025.srcs\sources_1\new\TOP_RX.vhd:]
WARNING: [filemgmt 56-199] Attempt to get parsing info during refresh. "On-the-fly" syntax checking information may be incorrect. [D:\SKRIPSI\Perkembangan_14_MEI_2025\UART_RX\VHDL\Pengiriman_UART_RX_5_Mei_2025\Pengiriman_UART_RX_5_Mei_2025.srcs\sources_1\new\TOP_RX.vhd:]
ERROR: [Common 17-180] Spawn failed: No error
WARNING: [filemgmt 56-199] Attempt to get parsing info during refresh. "On-the-fly" syntax checking information may be incorrect. [D:\SKRIPSI\Perkembangan_14_MEI_2025\UART_RX\VHDL\Pengiriman_UART_RX_5_Mei_2025\Pengiriman_UART_RX_5_Mei_2025.srcs\sources_1\new\UART_RX_LAMA.vhd:]
WARNING: [filemgmt 56-199] Attempt to get parsing info during refresh. "On-the-fly" syntax checking information may be incorrect. [D:\SKRIPSI\Perkembangan_14_MEI_2025\UART_RX\VHDL\Pengiriman_UART_RX_5_Mei_2025\Pengiriman_UART_RX_5_Mei_2025.srcs\sources_1\new\TOP_RX.vhd:]
WARNING: [filemgmt 56-199] Attempt to get parsing info during refresh. "On-the-fly" syntax checking information may be incorrect. [D:\SKRIPSI\Perkembangan_14_MEI_2025\UART_RX\VHDL\Pengiriman_UART_RX_5_Mei_2025\Pengiriman_UART_RX_5_Mei_2025.srcs\sources_1\new\UART_RX_LAMA.vhd:]
WARNING: [filemgmt 56-199] Attempt to get parsing info during refresh. "On-the-fly" syntax checking information may be incorrect. [D:\SKRIPSI\Perkembangan_14_MEI_2025\UART_RX\VHDL\Pengiriman_UART_RX_5_Mei_2025\Pengiriman_UART_RX_5_Mei_2025.srcs\sources_1\new\UART_RX_LAMA.vhd:]
ERROR: [Common 17-180] Spawn failed: No error
WARNING: [filemgmt 56-199] Attempt to get parsing info during refresh. "On-the-fly" syntax checking information may be incorrect. [D:\SKRIPSI\Perkembangan_14_MEI_2025\UART_RX\VHDL\Pengiriman_UART_RX_5_Mei_2025\Pengiriman_UART_RX_5_Mei_2025.srcs\sources_1\new\UART_RX_LAMA.vhd:]
WARNING: [filemgmt 56-199] Attempt to get parsing info during refresh. "On-the-fly" syntax checking information may be incorrect. [D:\SKRIPSI\Perkembangan_14_MEI_2025\UART_RX\VHDL\Pengiriman_UART_RX_5_Mei_2025\Pengiriman_UART_RX_5_Mei_2025.srcs\sources_1\new\TOP_RX.vhd:]
WARNING: [filemgmt 56-199] Attempt to get parsing info during refresh. "On-the-fly" syntax checking information may be incorrect. [D:\SKRIPSI\Perkembangan_14_MEI_2025\UART_RX\VHDL\Pengiriman_UART_RX_5_Mei_2025\Pengiriman_UART_RX_5_Mei_2025.srcs\sources_1\new\TOP_RX.vhd:]
WARNING: [filemgmt 56-199] Attempt to get parsing info during refresh. "On-the-fly" syntax checking information may be incorrect. [D:\SKRIPSI\Perkembangan_14_MEI_2025\UART_RX\VHDL\Pengiriman_UART_RX_5_Mei_2025\Pengiriman_UART_RX_5_Mei_2025.srcs\sources_1\new\TOP_RX.vhd:]
ERROR: [Common 17-180] Spawn failed: No error
reset_run synth_1
WARNING: [filemgmt 56-199] Attempt to get parsing info during refresh. "On-the-fly" syntax checking information may be incorrect. [D:\SKRIPSI\Perkembangan_14_MEI_2025\UART_RX\VHDL\Pengiriman_UART_RX_5_Mei_2025\Pengiriman_UART_RX_5_Mei_2025.srcs\sources_1\new\UART_RX_LAMA.vhd:]
WARNING: [filemgmt 56-199] Attempt to get parsing info during refresh. "On-the-fly" syntax checking information may be incorrect. [D:\SKRIPSI\Perkembangan_14_MEI_2025\UART_RX\VHDL\Pengiriman_UART_RX_5_Mei_2025\Pengiriman_UART_RX_5_Mei_2025.srcs\sources_1\new\TOP_RX.vhd:]
WARNING: [filemgmt 56-199] Attempt to get parsing info during refresh. "On-the-fly" syntax checking information may be incorrect. [D:\SKRIPSI\Perkembangan_14_MEI_2025\UART_RX\VHDL\Pengiriman_UART_RX_5_Mei_2025\Pengiriman_UART_RX_5_Mei_2025.srcs\sources_1\new\TOP_RX.vhd:]
WARNING: [filemgmt 56-199] Attempt to get parsing info during refresh. "On-the-fly" syntax checking information may be incorrect. [D:\SKRIPSI\Perkembangan_14_MEI_2025\UART_RX\VHDL\Pengiriman_UART_RX_5_Mei_2025\Pengiriman_UART_RX_5_Mei_2025.srcs\sources_1\new\TOP_RX.vhd:]
ERROR: [Common 17-180] Spawn failed: No error
WARNING: [filemgmt 56-199] Attempt to get parsing info during refresh. "On-the-fly" syntax checking information may be incorrect. [D:\SKRIPSI\Perkembangan_14_MEI_2025\UART_RX\VHDL\Pengiriman_UART_RX_5_Mei_2025\Pengiriman_UART_RX_5_Mei_2025.srcs\sources_1\new\UART_RX_LAMA.vhd:]
WARNING: [filemgmt 56-199] Attempt to get parsing info during refresh. "On-the-fly" syntax checking information may be incorrect. [D:\SKRIPSI\Perkembangan_14_MEI_2025\UART_RX\VHDL\Pengiriman_UART_RX_5_Mei_2025\Pengiriman_UART_RX_5_Mei_2025.srcs\sources_1\new\TOP_RX.vhd:]
WARNING: [filemgmt 56-199] Attempt to get parsing info during refresh. "On-the-fly" syntax checking information may be incorrect. [D:\SKRIPSI\Perkembangan_14_MEI_2025\UART_RX\VHDL\Pengiriman_UART_RX_5_Mei_2025\Pengiriman_UART_RX_5_Mei_2025.srcs\sources_1\new\TOP_RX.vhd:]
WARNING: [filemgmt 56-199] Attempt to get parsing info during refresh. "On-the-fly" syntax checking information may be incorrect. [D:\SKRIPSI\Perkembangan_14_MEI_2025\UART_RX\VHDL\Pengiriman_UART_RX_5_Mei_2025\Pengiriman_UART_RX_5_Mei_2025.srcs\sources_1\new\TOP_RX.vhd:]
ERROR: [Common 17-180] Spawn failed: No error
launch_runs impl_1 -to_step write_bitstream -jobs 2
[Sun Jun  8 17:55:36 2025] Launched synth_1...
Run output will be captured here: D:/SKRIPSI/Perkembangan_14_MEI_2025/UART_RX/VHDL/Pengiriman_UART_RX_5_Mei_2025/Pengiriman_UART_RX_5_Mei_2025.runs/synth_1/runme.log
[Sun Jun  8 17:55:36 2025] Launched impl_1...
Run output will be captured here: D:/SKRIPSI/Perkembangan_14_MEI_2025/UART_RX/VHDL/Pengiriman_UART_RX_5_Mei_2025/Pengiriman_UART_RX_5_Mei_2025.runs/impl_1/runme.log
WARNING: [filemgmt 56-199] Attempt to get parsing info during refresh. "On-the-fly" syntax checking information may be incorrect. [D:\SKRIPSI\Perkembangan_14_MEI_2025\UART_RX\VHDL\Pengiriman_UART_RX_5_Mei_2025\Pengiriman_UART_RX_5_Mei_2025.srcs\sources_1\new\UART_RX_LAMA.vhd:]
WARNING: [filemgmt 56-199] Attempt to get parsing info during refresh. "On-the-fly" syntax checking information may be incorrect. [D:\SKRIPSI\Perkembangan_14_MEI_2025\UART_RX\VHDL\Pengiriman_UART_RX_5_Mei_2025\Pengiriman_UART_RX_5_Mei_2025.srcs\sources_1\new\TOP_RX.vhd:]
WARNING: [filemgmt 56-199] Attempt to get parsing info during refresh. "On-the-fly" syntax checking information may be incorrect. [D:\SKRIPSI\Perkembangan_14_MEI_2025\UART_RX\VHDL\Pengiriman_UART_RX_5_Mei_2025\Pengiriman_UART_RX_5_Mei_2025.srcs\sources_1\new\UART_RX_LAMA.vhd:]
WARNING: [filemgmt 56-199] Attempt to get parsing info during refresh. "On-the-fly" syntax checking information may be incorrect. [D:\SKRIPSI\Perkembangan_14_MEI_2025\UART_RX\VHDL\Pengiriman_UART_RX_5_Mei_2025\Pengiriman_UART_RX_5_Mei_2025.srcs\sources_1\new\UART_RX_LAMA.vhd:]
reset_run synth_1
INFO: [Project 1-1161] Replacing file D:/SKRIPSI/Perkembangan_14_MEI_2025/UART_RX/VHDL/Pengiriman_UART_RX_5_Mei_2025/Pengiriman_UART_RX_5_Mei_2025.srcs/utils_1/imports/synth_1/UART_RX.dcp with file D:/SKRIPSI/Perkembangan_14_MEI_2025/UART_RX/VHDL/Pengiriman_UART_RX_5_Mei_2025/Pengiriman_UART_RX_5_Mei_2025.runs/synth_1/TOP_RX.dcp
WARNING: [filemgmt 56-199] Attempt to get parsing info during refresh. "On-the-fly" syntax checking information may be incorrect. [D:\SKRIPSI\Perkembangan_14_MEI_2025\UART_RX\VHDL\Pengiriman_UART_RX_5_Mei_2025\Pengiriman_UART_RX_5_Mei_2025.srcs\sources_1\new\UART_RX_LAMA.vhd:]
WARNING: [filemgmt 56-199] Attempt to get parsing info during refresh. "On-the-fly" syntax checking information may be incorrect. [D:\SKRIPSI\Perkembangan_14_MEI_2025\UART_RX\VHDL\Pengiriman_UART_RX_5_Mei_2025\Pengiriman_UART_RX_5_Mei_2025.srcs\sources_1\new\TOP_RX.vhd:]
WARNING: [filemgmt 56-199] Attempt to get parsing info during refresh. "On-the-fly" syntax checking information may be incorrect. [D:\SKRIPSI\Perkembangan_14_MEI_2025\UART_RX\VHDL\Pengiriman_UART_RX_5_Mei_2025\Pengiriman_UART_RX_5_Mei_2025.srcs\sources_1\new\TOP_RX.vhd:]
WARNING: [filemgmt 56-199] Attempt to get parsing info during refresh. "On-the-fly" syntax checking information may be incorrect. [D:\SKRIPSI\Perkembangan_14_MEI_2025\UART_RX\VHDL\Pengiriman_UART_RX_5_Mei_2025\Pengiriman_UART_RX_5_Mei_2025.srcs\sources_1\new\TOP_RX.vhd:]
launch_runs impl_1 -to_step write_bitstream -jobs 2
[Sun Jun  8 18:03:13 2025] Launched synth_1...
Run output will be captured here: D:/SKRIPSI/Perkembangan_14_MEI_2025/UART_RX/VHDL/Pengiriman_UART_RX_5_Mei_2025/Pengiriman_UART_RX_5_Mei_2025.runs/synth_1/runme.log
[Sun Jun  8 18:03:13 2025] Launched impl_1...
Run output will be captured here: D:/SKRIPSI/Perkembangan_14_MEI_2025/UART_RX/VHDL/Pengiriman_UART_RX_5_Mei_2025/Pengiriman_UART_RX_5_Mei_2025.runs/impl_1/runme.log
ERROR: [Common 17-180] Spawn failed: No error
WARNING: [filemgmt 56-199] Attempt to get parsing info during refresh. "On-the-fly" syntax checking information may be incorrect. [D:\SKRIPSI\Perkembangan_14_MEI_2025\UART_RX\VHDL\Pengiriman_UART_RX_5_Mei_2025\Pengiriman_UART_RX_5_Mei_2025.srcs\sources_1\new\UART_RX_LAMA.vhd:]
WARNING: [filemgmt 56-199] Attempt to get parsing info during refresh. "On-the-fly" syntax checking information may be incorrect. [D:\SKRIPSI\Perkembangan_14_MEI_2025\UART_RX\VHDL\Pengiriman_UART_RX_5_Mei_2025\Pengiriman_UART_RX_5_Mei_2025.srcs\sources_1\new\TOP_RX.vhd:]
WARNING: [filemgmt 56-199] Attempt to get parsing info during refresh. "On-the-fly" syntax checking information may be incorrect. [D:\SKRIPSI\Perkembangan_14_MEI_2025\UART_RX\VHDL\Pengiriman_UART_RX_5_Mei_2025\Pengiriman_UART_RX_5_Mei_2025.srcs\sources_1\new\TOP_RX.vhd:]
WARNING: [filemgmt 56-199] Attempt to get parsing info during refresh. "On-the-fly" syntax checking information may be incorrect. [D:\SKRIPSI\Perkembangan_14_MEI_2025\UART_RX\VHDL\Pengiriman_UART_RX_5_Mei_2025\Pengiriman_UART_RX_5_Mei_2025.srcs\sources_1\new\TOP_RX.vhd:]
reset_run synth_1
INFO: [Project 1-1161] Replacing file D:/SKRIPSI/Perkembangan_14_MEI_2025/UART_RX/VHDL/Pengiriman_UART_RX_5_Mei_2025/Pengiriman_UART_RX_5_Mei_2025.srcs/utils_1/imports/synth_1/UART_RX.dcp with file D:/SKRIPSI/Perkembangan_14_MEI_2025/UART_RX/VHDL/Pengiriman_UART_RX_5_Mei_2025/Pengiriman_UART_RX_5_Mei_2025.runs/synth_1/TOP_RX.dcp
launch_runs impl_1 -to_step write_bitstream -jobs 2
[Sun Jun  8 18:09:50 2025] Launched synth_1...
Run output will be captured here: D:/SKRIPSI/Perkembangan_14_MEI_2025/UART_RX/VHDL/Pengiriman_UART_RX_5_Mei_2025/Pengiriman_UART_RX_5_Mei_2025.runs/synth_1/runme.log
[Sun Jun  8 18:09:50 2025] Launched impl_1...
Run output will be captured here: D:/SKRIPSI/Perkembangan_14_MEI_2025/UART_RX/VHDL/Pengiriman_UART_RX_5_Mei_2025/Pengiriman_UART_RX_5_Mei_2025.runs/impl_1/runme.log
WARNING: [filemgmt 56-199] Attempt to get parsing info during refresh. "On-the-fly" syntax checking information may be incorrect. [D:\SKRIPSI\Perkembangan_14_MEI_2025\UART_RX\VHDL\Pengiriman_UART_RX_5_Mei_2025\Pengiriman_UART_RX_5_Mei_2025.srcs\sources_1\new\UART_RX_LAMA.vhd:]
WARNING: [filemgmt 56-199] Attempt to get parsing info during refresh. "On-the-fly" syntax checking information may be incorrect. [D:\SKRIPSI\Perkembangan_14_MEI_2025\UART_RX\VHDL\Pengiriman_UART_RX_5_Mei_2025\Pengiriman_UART_RX_5_Mei_2025.srcs\sources_1\new\TOP_RX.vhd:]
WARNING: [filemgmt 56-199] Attempt to get parsing info during refresh. "On-the-fly" syntax checking information may be incorrect. [D:\SKRIPSI\Perkembangan_14_MEI_2025\UART_RX\VHDL\Pengiriman_UART_RX_5_Mei_2025\Pengiriman_UART_RX_5_Mei_2025.srcs\sources_1\new\UART_RX_LAMA.vhd:]
WARNING: [filemgmt 56-199] Attempt to get parsing info during refresh. "On-the-fly" syntax checking information may be incorrect. [D:\SKRIPSI\Perkembangan_14_MEI_2025\UART_RX\VHDL\Pengiriman_UART_RX_5_Mei_2025\Pengiriman_UART_RX_5_Mei_2025.srcs\sources_1\new\UART_RX_LAMA.vhd:]
ERROR: [Common 17-180] Spawn failed: No error
open_hw_manager
connect_hw_server -allow_non_jtag
INFO: [Labtools 27-2285] Connecting to hw_server url TCP:localhost:3121
INFO: [Labtools 27-2222] Launching hw_server...
INFO: [Labtools 27-2221] Launch Output:

****** Xilinx hw_server v2024.2
  **** Build date : Oct 29 2024 at 10:25:41
    ** Copyright 1986-2022 Xilinx, Inc. All Rights Reserved.


INFO: [Labtools 27-3415] Connecting to cs_server url TCP:localhost:0
INFO: [Labtools 27-3417] Launching cs_server...
INFO: [Labtools 27-2221] Launch Output:


******** Xilinx cs_server v2024.2.0
  ****** Build date   : Oct 31 2024-01:19:07
    **** Build number : 2024.2.1730312347
      ** Copyright 2017-2022 Xilinx, Inc. All Rights Reserved.
      ** Copyright 2022-2025 Advanced Micro Devices, Inc. All Rights Reserved.



connect_hw_server: Time (s): cpu = 00:00:00 ; elapsed = 00:00:10 . Memory (MB): peak = 1236.492 ; gain = 5.121
open_hw_target
INFO: [Labtoolstcl 44-466] Opening hw_target localhost:3121/xilinx_tcf/Digilent/210274505368A
set_property PROGRAM.FILE {D:/SKRIPSI/Perkembangan_14_MEI_2025/UART_RX/VHDL/Pengiriman_UART_RX_5_Mei_2025/Pengiriman_UART_RX_5_Mei_2025.runs/impl_1/TOP_RX.bit} [get_hw_devices xc7a100t_0]
current_hw_device [get_hw_devices xc7a100t_0]
refresh_hw_device -update_hw_probes false [lindex [get_hw_devices xc7a100t_0] 0]
INFO: [Labtools 27-1434] Device xc7a100t (JTAG device index = 0) is programmed with a design that has no supported debug core(s) in it.
set_property PROBES.FILE {} [get_hw_devices xc7a100t_0]
set_property FULL_PROBES.FILE {} [get_hw_devices xc7a100t_0]
set_property PROGRAM.FILE {D:/SKRIPSI/Perkembangan_14_MEI_2025/UART_RX/VHDL/Pengiriman_UART_RX_5_Mei_2025/Pengiriman_UART_RX_5_Mei_2025.runs/impl_1/TOP_RX.bit} [get_hw_devices xc7a100t_0]
program_hw_devices [get_hw_devices xc7a100t_0]
INFO: [Labtools 27-3164] End of startup status: HIGH
refresh_hw_device [lindex [get_hw_devices xc7a100t_0] 0]
INFO: [Labtools 27-1434] Device xc7a100t (JTAG device index = 0) is programmed with a design that has no supported debug core(s) in it.
close_hw_target {localhost:3121/xilinx_tcf/Digilent/210274505368A}
INFO: [Labtoolstcl 44-464] Closing hw_target localhost:3121/xilinx_tcf/Digilent/210274505368A
disconnect_hw_server localhost:3121
connect_hw_server -allow_non_jtag
INFO: [Labtools 27-2285] Connecting to hw_server url TCP:localhost:3121
INFO: [Labtools 27-3415] Connecting to cs_server url TCP:localhost:0
INFO: [Labtools 27-3417] Launching cs_server...
INFO: [Labtools 27-2221] Launch Output:


******** Xilinx cs_server v2024.2.0
  ****** Build date   : Oct 31 2024-01:19:07
    **** Build number : 2024.2.1730312347
      ** Copyright 2017-2022 Xilinx, Inc. All Rights Reserved.
      ** Copyright 2022-2025 Advanced Micro Devices, Inc. All Rights Reserved.



connect_hw_server: Time (s): cpu = 00:00:00 ; elapsed = 00:00:05 . Memory (MB): peak = 1298.422 ; gain = 0.188
open_hw_target
INFO: [Labtoolstcl 44-466] Opening hw_target localhost:3121/xilinx_tcf/Digilent/210274505368A
set_property PROGRAM.FILE {D:/SKRIPSI/Perkembangan_14_MEI_2025/UART_RX/VHDL/Pengiriman_UART_RX_5_Mei_2025/Pengiriman_UART_RX_5_Mei_2025.runs/impl_1/TOP_RX.bit} [get_hw_devices xc7a100t_0]
current_hw_device [get_hw_devices xc7a100t_0]
refresh_hw_device -update_hw_probes false [lindex [get_hw_devices xc7a100t_0] 0]
INFO: [Labtools 27-1434] Device xc7a100t (JTAG device index = 0) is programmed with a design that has no supported debug core(s) in it.
set_property PROBES.FILE {} [get_hw_devices xc7a100t_0]
set_property FULL_PROBES.FILE {} [get_hw_devices xc7a100t_0]
set_property PROGRAM.FILE {D:/SKRIPSI/Perkembangan_14_MEI_2025/UART_RX/VHDL/Pengiriman_UART_RX_5_Mei_2025/Pengiriman_UART_RX_5_Mei_2025.runs/impl_1/TOP_RX.bit} [get_hw_devices xc7a100t_0]
program_hw_devices [get_hw_devices xc7a100t_0]
INFO: [Labtools 27-3164] End of startup status: HIGH
refresh_hw_device [lindex [get_hw_devices xc7a100t_0] 0]
INFO: [Labtools 27-1434] Device xc7a100t (JTAG device index = 0) is programmed with a design that has no supported debug core(s) in it.
ERROR: [Labtoolstcl 44-513] HW Target shutdown. Closing target: localhost:3121/xilinx_tcf/Digilent/210274505368A
INFO: [Labtoolstcl 44-466] Opening hw_target localhost:3121/xilinx_tcf/Digilent/210274505368A
INFO: [Labtools 27-1435] Device xc7a100t (JTAG device index = 0) is not programmed (DONE status = 0).
WARNING: [Labtoolstcl 44-129] No matching hw_ila_data was found.
close_hw_target {localhost:3121/xilinx_tcf/Digilent/210274505368A}
INFO: [Labtoolstcl 44-464] Closing hw_target localhost:3121/xilinx_tcf/Digilent/210274505368A
exit
INFO: [Common 17-206] Exiting Vivado at Sun Jun  8 18:19:54 2025...
