#-----------------------------------------------------------
# Vivado v2024.2 (64-bit)
# SW Build 5239630 on Fri Nov 08 22:35:27 MST 2024
# IP Build 5239520 on Sun Nov 10 16:12:51 MST 2024
# SharedData Build 5239561 on Fri Nov 08 14:39:27 MST 2024
# Start of session at: Sun Jun  8 17:07:53 2025
# Process ID         : 11952
# Current directory  : D:/SKRIPSI/Perkembangan_14_MEI_2025/UART_RX/VHDL/Pengiriman_UART_RX_5_Mei_2025
# Command line       : vivado.exe -gui_launcher_event rodinguilauncherevent3120 D:\SKRIPSI\Perkembangan_14_MEI_2025\UART_RX\VHDL\Pengiriman_UART_RX_5_Mei_2025\Pengiriman_UART_RX_5_Mei_2025.xpr
# Log file           : D:/SKRIPSI/Perkembangan_14_MEI_2025/UART_RX/VHDL/Pengiriman_UART_RX_5_Mei_2025/vivado.log
# Journal file       : D:/SKRIPSI/Perkembangan_14_MEI_2025/UART_RX/VHDL/Pengiriman_UART_RX_5_Mei_2025\vivado.jou
# Running On         : DESKTOP-BEQKE54
# Platform           : Windows Server 2016 or Windows 10
# Operating System   : 19045
# Processor Detail   : AMD Ryzen 3 3300U with Radeon Vega Mobile Gfx  
# CPU Frequency      : 2096 MHz
# CPU Physical cores : 4
# CPU Logical cores  : 4
# Host memory        : 3667 MB
# Swap memory        : 10596 MB
# Total Virtual      : 14264 MB
# Available Virtual  : 1510 MB
#-----------------------------------------------------------
start_gui
open_project D:/SKRIPSI/Perkembangan_14_MEI_2025/UART_RX/VHDL/Pengiriman_UART_RX_5_Mei_2025/Pengiriman_UART_RX_5_Mei_2025.xpr
INFO: [Project 1-313] Project file moved from 'E:/Xilinx_project/Pengiriman_UART_RX_5_Mei_2025' since last save.
INFO: [filemgmt 56-3] Default IP Output Path : Could not find the directory 'D:/SKRIPSI/Perkembangan_14_MEI_2025/UART_RX/VHDL/Pengiriman_UART_RX_5_Mei_2025/Pengiriman_UART_RX_5_Mei_2025.gen/sources_1'.
WARNING: [Project 1-312] File not found as 'D:/SKRIPSI/Perkembangan_14_MEI_2025/UART_RX/VHDL/project_ROM_LESS_INTERPOLASI_KUADRATIK_18_MARET_2025/project_ROM_LESS_INTERPOLASI_KUADRATIK_18_MARET_2025.srcs/sources_1/new/UART_RX.vhd'; using path 'E:/Xilinx_project/project_ROM_LESS_INTERPOLASI_KUADRATIK_18_MARET_2025/project_ROM_LESS_INTERPOLASI_KUADRATIK_18_MARET_2025.srcs/sources_1/new/UART_RX.vhd' instead.
WARNING: [Project 1-312] File not found as 'D:/SKRIPSI/Perkembangan_14_MEI_2025/UART_RX/VHDL/file xdc/Nexys-4-Master.xdc'; using path 'E:/Xilinx_project/file xdc/Nexys-4-Master.xdc' instead.
Scanning sources...
Finished scanning sources
WARNING: [Project 1-312] File not found as 'D:/SKRIPSI/Perkembangan_14_MEI_2025/UART_RX/VHDL/project_ROM_LESS_INTERPOLASI_KUADRATIK_18_MARET_2025/project_ROM_LESS_INTERPOLASI_KUADRATIK_18_MARET_2025.srcs/sources_1/new/UART_RX.vhd'; using path 'E:/Xilinx_project/project_ROM_LESS_INTERPOLASI_KUADRATIK_18_MARET_2025/project_ROM_LESS_INTERPOLASI_KUADRATIK_18_MARET_2025.srcs/sources_1/new/UART_RX.vhd' instead.
WARNING: [Project 1-312] File not found as 'D:/SKRIPSI/Perkembangan_14_MEI_2025/UART_RX/VHDL/file xdc/Nexys-4-Master.xdc'; using path 'E:/Xilinx_project/file xdc/Nexys-4-Master.xdc' instead.
WARNING: [Project 1-312] File not found as 'D:/SKRIPSI/Perkembangan_14_MEI_2025/UART_RX/VHDL/project_ROM_LESS_INTERPOLASI_KUADRATIK_18_MARET_2025/project_ROM_LESS_INTERPOLASI_KUADRATIK_18_MARET_2025.srcs/sources_1/new/UART_RX.vhd'; using path 'E:/Xilinx_project/project_ROM_LESS_INTERPOLASI_KUADRATIK_18_MARET_2025/project_ROM_LESS_INTERPOLASI_KUADRATIK_18_MARET_2025.srcs/sources_1/new/UART_RX.vhd' instead.
WARNING: [Project 1-312] File not found as 'D:/SKRIPSI/Perkembangan_14_MEI_2025/UART_RX/VHDL/file xdc/Nexys-4-Master.xdc'; using path 'E:/Xilinx_project/file xdc/Nexys-4-Master.xdc' instead.
INFO: [IP_Flow 19-234] Refreshing IP repositories
INFO: [IP_Flow 19-1704] No user IP repositories specified
INFO: [IP_Flow 19-2313] Loaded Vivado IP repository 'D:/Xilinx/Vivado/2024.2/data/ip'.
open_project: Time (s): cpu = 00:00:16 ; elapsed = 00:00:12 . Memory (MB): peak = 1162.762 ; gain = 60.527
update_compile_order -fileset sources_1
