#-----------------------------------------------------------
# Vivado v2024.2 (64-bit)
# SW Build 5239630 on Fri Nov 08 22:35:27 MST 2024
# IP Build 5239520 on Sun Nov 10 16:12:51 MST 2024
# SharedData Build 5239561 on Fri Nov 08 14:39:27 MST 2024
# Start of session at: Sun Jun  8 17:27:18 2025
# Process ID         : 1052
# Current directory  : D:/SKRIPSI/Perkembangan_14_MEI_2025/UART_RX/VHDL/Pengiriman_UART_RX_5_Mei_2025
# Command line       : vivado.exe -gui_launcher_event rodinguilauncherevent7712 D:\SKRIPSI\Perkembangan_14_MEI_2025\UART_RX\VHDL\Pengiriman_UART_RX_5_Mei_2025\Pengiriman_UART_RX_5_Mei_2025.xpr
# Log file           : D:/SKRIPSI/Perkembangan_14_MEI_2025/UART_RX/VHDL/Pengiriman_UART_RX_5_Mei_2025/vivado.log
# Journal file       : D:/SKRIPSI/Perkembangan_14_MEI_2025/UART_RX/VHDL/Pengiriman_UART_RX_5_Mei_2025\vivado.jou
# Running On         : DESKTOP-BEQKE54
# Platform           : Windows Server 2016 or Windows 10
# Operating System   : 19045
# Processor Detail   : AMD Ryzen 3 3300U with Radeon Vega Mobile Gfx  
# CPU Frequency      : 2096 MHz
# CPU Physical cores : 4
# CPU Logical cores  : 4
# Host memory        : 3667 MB
# Swap memory        : 11274 MB
# Total Virtual      : 14942 MB
# Available Virtual  : 2333 MB
#-----------------------------------------------------------
start_gui
open_project D:/SKRIPSI/Perkembangan_14_MEI_2025/UART_RX/VHDL/Pengiriman_UART_RX_5_Mei_2025/Pengiriman_UART_RX_5_Mei_2025.xpr
INFO: [filemgmt 56-3] Default IP Output Path : Could not find the directory 'D:/SKRIPSI/Perkembangan_14_MEI_2025/UART_RX/VHDL/Pengiriman_UART_RX_5_Mei_2025/Pengiriman_UART_RX_5_Mei_2025.gen/sources_1'.
Scanning sources...
Finished scanning sources
INFO: [IP_Flow 19-234] Refreshing IP repositories
INFO: [IP_Flow 19-1704] No user IP repositories specified
INFO: [IP_Flow 19-2313] Loaded Vivado IP repository 'D:/Xilinx/Vivado/2024.2/data/ip'.
open_project: Time (s): cpu = 00:00:15 ; elapsed = 00:00:10 . Memory (MB): peak = 1159.762 ; gain = 49.727
update_compile_order -fileset sources_1
close [ open D:/SKRIPSI/Perkembangan_14_MEI_2025/UART_RX/VHDL/Pengiriman_UART_RX_5_Mei_2025/Pengiriman_UART_RX_5_Mei_2025.srcs/sources_1/new/UART_RX_LAMA.vhd w ]
add_files D:/SKRIPSI/Perkembangan_14_MEI_2025/UART_RX/VHDL/Pengiriman_UART_RX_5_Mei_2025/Pengiriman_UART_RX_5_Mei_2025.srcs/sources_1/new/UART_RX_LAMA.vhd
WARNING: [filemgmt 56-199] Attempt to get parsing info during refresh. "On-the-fly" syntax checking information may be incorrect. [D:\SKRIPSI\Perkembangan_14_MEI_2025\UART_RX\VHDL\Pengiriman_UART_RX_5_Mei_2025\Pengiriman_UART_RX_5_Mei_2025.srcs\sources_1\new\TOP_RX.vhd:]
WARNING: [filemgmt 56-199] Attempt to get parsing info during refresh. "On-the-fly" syntax checking information may be incorrect. [E:\Xilinx_project\project_ROM_LESS_INTERPOLASI_KUADRATIK_18_MARET_2025\project_ROM_LESS_INTERPOLASI_KUADRATIK_18_MARET_2025.srcs\sources_1\new\UART_RX.vhd:]
WARNING: [filemgmt 56-199] Attempt to get parsing info during refresh. "On-the-fly" syntax checking information may be incorrect. [E:\Xilinx_project\project_ROM_LESS_INTERPOLASI_KUADRATIK_18_MARET_2025\project_ROM_LESS_INTERPOLASI_KUADRATIK_18_MARET_2025.srcs\sources_1\new\UART_RX.vhd:]
WARNING: [filemgmt 56-199] Attempt to get parsing info during refresh. "On-the-fly" syntax checking information may be incorrect. [E:\Xilinx_project\project_ROM_LESS_INTERPOLASI_KUADRATIK_18_MARET_2025\project_ROM_LESS_INTERPOLASI_KUADRATIK_18_MARET_2025.srcs\sources_1\new\UART_RX.vhd:]
