Copyright 1986-2022 Xilinx, Inc. All Rights Reserved. Copyright 2022-2024 Advanced Micro Devices, Inc. All Rights Reserved.
---------------------------------------------------------------------------------------------------------------------------------------------------------------------------------------------------------------------------------
| Tool Version : Vivado v.2024.2 (win64) Build 5239630 Fri Nov 08 22:35:27 MST 2024
| Date         : Thu Jan 16 18:41:23 2025
| Host         : DESKTOP-BEQKE54 running 64-bit major release  (build 9200)
| Command      : report_timing_summary -max_paths 10 -report_unconstrained -file counter_4bit_timing_summary_routed.rpt -pb counter_4bit_timing_summary_routed.pb -rpx counter_4bit_timing_summary_routed.rpx -warn_on_violation
| Design       : counter_4bit
| Device       : 7a100t-csg324
| Speed File   : -1  PRODUCTION 1.23 2018-06-13
| Design State : Routed
---------------------------------------------------------------------------------------------------------------------------------------------------------------------------------------------------------------------------------

Timing Summary Report

------------------------------------------------------------------------------------------------
| Timer Settings
| --------------
------------------------------------------------------------------------------------------------

  Enable Multi Corner Analysis               :  Yes
  Enable Pessimism Removal                   :  Yes
  Pessimism Removal Resolution               :  Nearest Common Node
  Enable Input Delay Default Clock           :  No
  Enable Preset / Clear Arcs                 :  No
  Disable Flight Delays                      :  No
  Ignore I/O Paths                           :  No
  Timing Early Launch at Borrowing Latches   :  No
  Borrow Time for Max Delay Exceptions       :  Yes
  Merge Timing Exceptions                    :  Yes
  Inter-SLR Compensation                     :  Conservative

  Corner  Analyze    Analyze    
  Name    Max Paths  Min Paths  
  ------  ---------  ---------  
  Slow    Yes        Yes        
  Fast    Yes        Yes        


------------------------------------------------------------------------------------------------
| Report Methodology
| ------------------
------------------------------------------------------------------------------------------------

Rule       Severity          Description                  Violations  
---------  ----------------  ---------------------------  ----------  
TIMING-17  Critical Warning  Non-clocked sequential cell  4           

Note: This report is based on the most recent report_methodology run and may not be up-to-date. Run report_methodology on the current design for the latest report.



check_timing report

Table of Contents
-----------------
1. checking no_clock (4)
2. checking constant_clock (0)
3. checking pulse_width_clock (0)
4. checking unconstrained_internal_endpoints (8)
5. checking no_input_delay (2)
6. checking no_output_delay (4)
7. checking multiple_clock (0)
8. checking generated_clocks (0)
9. checking loops (0)
10. checking partial_input_delay (0)
11. checking partial_output_delay (0)
12. checking latch_loops (0)

1. checking no_clock (4)
------------------------
 There are 4 register/latch pins with no clock driven by root clock pin: clk (HIGH)


2. checking constant_clock (0)
------------------------------
 There are 0 register/latch pins with constant_clock.


3. checking pulse_width_clock (0)
---------------------------------
 There are 0 register/latch pins which need pulse_width check


4. checking unconstrained_internal_endpoints (8)
------------------------------------------------
 There are 8 pins that are not constrained for maximum delay. (HIGH)

 There are 0 pins that are not constrained for maximum delay due to constant clock.


5. checking no_input_delay (2)
------------------------------
 There are 2 input ports with no input delay specified. (HIGH)

 There are 0 input ports with no input delay but user has a false path constraint.


6. checking no_output_delay (4)
-------------------------------
 There are 4 ports with no output delay specified. (HIGH)

 There are 0 ports with no output delay but user has a false path constraint

 There are 0 ports with no output delay but with a timing clock defined on it or propagating through it


7. checking multiple_clock (0)
------------------------------
 There are 0 register/latch pins with multiple clocks.


8. checking generated_clocks (0)
--------------------------------
 There are 0 generated clocks that are not connected to a clock source.


9. checking loops (0)
---------------------
 There are 0 combinational loops in the design.


10. checking partial_input_delay (0)
------------------------------------
 There are 0 input ports with partial input delay specified.


11. checking partial_output_delay (0)
-------------------------------------
 There are 0 ports with partial output delay specified.


12. checking latch_loops (0)
----------------------------
 There are 0 combinational latch loops in the design through latch input



------------------------------------------------------------------------------------------------
| Design Timing Summary
| ---------------------
------------------------------------------------------------------------------------------------

    WNS(ns)      TNS(ns)  TNS Failing Endpoints  TNS Total Endpoints      WHS(ns)      THS(ns)  THS Failing Endpoints  THS Total Endpoints     WPWS(ns)     TPWS(ns)  TPWS Failing Endpoints  TPWS Total Endpoints  
    -------      -------  ---------------------  -------------------      -------      -------  ---------------------  -------------------     --------     --------  ----------------------  --------------------  
        inf        0.000                      0                   12          inf        0.000                      0                   12           NA           NA                      NA                    NA  


There are no user specified timing constraints.


------------------------------------------------------------------------------------------------
| Clock Summary
| -------------
------------------------------------------------------------------------------------------------


------------------------------------------------------------------------------------------------
| Intra Clock Table
| -----------------
------------------------------------------------------------------------------------------------

Clock             WNS(ns)      TNS(ns)  TNS Failing Endpoints  TNS Total Endpoints      WHS(ns)      THS(ns)  THS Failing Endpoints  THS Total Endpoints     WPWS(ns)     TPWS(ns)  TPWS Failing Endpoints  TPWS Total Endpoints  
-----             -------      -------  ---------------------  -------------------      -------      -------  ---------------------  -------------------     --------     --------  ----------------------  --------------------  


------------------------------------------------------------------------------------------------
| Inter Clock Table
| -----------------
------------------------------------------------------------------------------------------------

From Clock    To Clock          WNS(ns)      TNS(ns)  TNS Failing Endpoints  TNS Total Endpoints      WHS(ns)      THS(ns)  THS Failing Endpoints  THS Total Endpoints  
----------    --------          -------      -------  ---------------------  -------------------      -------      -------  ---------------------  -------------------  


------------------------------------------------------------------------------------------------
| Other Path Groups Table
| -----------------------
------------------------------------------------------------------------------------------------

Path Group    From Clock    To Clock          WNS(ns)      TNS(ns)  TNS Failing Endpoints  TNS Total Endpoints      WHS(ns)      THS(ns)  THS Failing Endpoints  THS Total Endpoints  
----------    ----------    --------          -------      -------  ---------------------  -------------------      -------      -------  ---------------------  -------------------  


------------------------------------------------------------------------------------------------
| User Ignored Path Table
| -----------------------
------------------------------------------------------------------------------------------------

Path Group    From Clock    To Clock    
----------    ----------    --------    


------------------------------------------------------------------------------------------------
| Unconstrained Path Table
| ------------------------
------------------------------------------------------------------------------------------------

Path Group    From Clock    To Clock    
----------    ----------    --------    
(none)                                    


------------------------------------------------------------------------------------------------
| Timing Details
| --------------
------------------------------------------------------------------------------------------------


--------------------------------------------------------------------------------------
Path Group:  (none)
From Clock:  
  To Clock:  

Max Delay            12 Endpoints
Min Delay            12 Endpoints
--------------------------------------------------------------------------------------


Max Delay Paths
--------------------------------------------------------------------------------------
Slack:                    inf
  Source:                 counter_reg[1]/C
                            (rising edge-triggered cell FDCE)
  Destination:            count[1]
                            (output port)
  Path Group:             (none)
  Path Type:              Max at Slow Process Corner
  Data Path Delay:        4.951ns  (logic 3.264ns (65.930%)  route 1.687ns (34.070%))
  Logic Levels:           2  (FDCE=1 OBUF=1)

    Location             Delay type                Incr(ns)  Path(ns)    Netlist Resource(s)
  -------------------------------------------------------------------    -------------------
    SLICE_X0Y52          FDCE                         0.000     0.000 r  counter_reg[1]/C
    SLICE_X0Y52          FDCE (Prop_fdce_C_Q)         0.419     0.419 r  counter_reg[1]/Q
                         net (fo=4, routed)           1.687     2.106    count_OBUF[1]
    T10                  OBUF (Prop_obuf_I_O)         2.845     4.951 r  count_OBUF[1]_inst/O
                         net (fo=0)                   0.000     4.951    count[1]
    T10                                                               r  count[1] (OUT)
  -------------------------------------------------------------------    -------------------

Slack:                    inf
  Source:                 counter_reg[3]/C
                            (rising edge-triggered cell FDCE)
  Destination:            count[3]
                            (output port)
  Path Group:             (none)
  Path Type:              Max at Slow Process Corner
  Data Path Delay:        4.923ns  (logic 3.237ns (65.761%)  route 1.686ns (34.239%))
  Logic Levels:           2  (FDCE=1 OBUF=1)

    Location             Delay type                Incr(ns)  Path(ns)    Netlist Resource(s)
  -------------------------------------------------------------------    -------------------
    SLICE_X0Y52          FDCE                         0.000     0.000 r  counter_reg[3]/C
    SLICE_X0Y52          FDCE (Prop_fdce_C_Q)         0.419     0.419 r  counter_reg[3]/Q
                         net (fo=2, routed)           1.686     2.105    count_OBUF[3]
    U13                  OBUF (Prop_obuf_I_O)         2.818     4.923 r  count_OBUF[3]_inst/O
                         net (fo=0)                   0.000     4.923    count[3]
    U13                                                               r  count[3] (OUT)
  -------------------------------------------------------------------    -------------------

Slack:                    inf
  Source:                 counter_reg[2]/C
                            (rising edge-triggered cell FDCE)
  Destination:            count[2]
                            (output port)
  Path Group:             (none)
  Path Type:              Max at Slow Process Corner
  Data Path Delay:        4.822ns  (logic 3.123ns (64.767%)  route 1.699ns (35.233%))
  Logic Levels:           2  (FDCE=1 OBUF=1)

    Location             Delay type                Incr(ns)  Path(ns)    Netlist Resource(s)
  -------------------------------------------------------------------    -------------------
    SLICE_X0Y52          FDCE                         0.000     0.000 r  counter_reg[2]/C
    SLICE_X0Y52          FDCE (Prop_fdce_C_Q)         0.456     0.456 r  counter_reg[2]/Q
                         net (fo=3, routed)           1.699     2.155    count_OBUF[2]
    T9                   OBUF (Prop_obuf_I_O)         2.667     4.822 r  count_OBUF[2]_inst/O
                         net (fo=0)                   0.000     4.822    count[2]
    T9                                                                r  count[2] (OUT)
  -------------------------------------------------------------------    -------------------

Slack:                    inf
  Source:                 counter_reg[0]/C
                            (rising edge-triggered cell FDCE)
  Destination:            count[0]
                            (output port)
  Path Group:             (none)
  Path Type:              Max at Slow Process Corner
  Data Path Delay:        4.804ns  (logic 3.104ns (64.624%)  route 1.699ns (35.376%))
  Logic Levels:           2  (FDCE=1 OBUF=1)

    Location             Delay type                Incr(ns)  Path(ns)    Netlist Resource(s)
  -------------------------------------------------------------------    -------------------
    SLICE_X0Y52          FDCE                         0.000     0.000 r  counter_reg[0]/C
    SLICE_X0Y52          FDCE (Prop_fdce_C_Q)         0.456     0.456 r  counter_reg[0]/Q
                         net (fo=5, routed)           1.699     2.155    count_OBUF[0]
    R10                  OBUF (Prop_obuf_I_O)         2.648     4.804 r  count_OBUF[0]_inst/O
                         net (fo=0)                   0.000     4.804    count[0]
    R10                                                               r  count[0] (OUT)
  -------------------------------------------------------------------    -------------------

Slack:                    inf
  Source:                 up_down
                            (input port)
  Destination:            counter_reg[2]/D
  Path Group:             (none)
  Path Type:              Max at Slow Process Corner
  Data Path Delay:        2.150ns  (logic 1.108ns (51.549%)  route 1.042ns (48.451%))
  Logic Levels:           2  (IBUF=1 LUT4=1)

    Location             Delay type                Incr(ns)  Path(ns)    Netlist Resource(s)
  -------------------------------------------------------------------    -------------------
    V14                                               0.000     0.000 r  up_down (IN)
                         net (fo=0)                   0.000     0.000    up_down
    V14                  IBUF (Prop_ibuf_I_O)         0.984     0.984 r  up_down_IBUF_inst/O
                         net (fo=3, routed)           1.042     2.026    up_down_IBUF
    SLICE_X0Y52          LUT4 (Prop_lut4_I1_O)        0.124     2.150 r  counter[2]_i_1/O
                         net (fo=1, routed)           0.000     2.150    counter[2]_i_1_n_0
    SLICE_X0Y52          FDCE                                         r  counter_reg[2]/D
  -------------------------------------------------------------------    -------------------

Slack:                    inf
  Source:                 up_down
                            (input port)
  Destination:            counter_reg[3]/D
  Path Group:             (none)
  Path Type:              Max at Slow Process Corner
  Data Path Delay:        2.145ns  (logic 1.103ns (51.436%)  route 1.042ns (48.564%))
  Logic Levels:           2  (IBUF=1 LUT5=1)

    Location             Delay type                Incr(ns)  Path(ns)    Netlist Resource(s)
  -------------------------------------------------------------------    -------------------
    V14                                               0.000     0.000 r  up_down (IN)
                         net (fo=0)                   0.000     0.000    up_down
    V14                  IBUF (Prop_ibuf_I_O)         0.984     0.984 r  up_down_IBUF_inst/O
                         net (fo=3, routed)           1.042     2.026    up_down_IBUF
    SLICE_X0Y52          LUT5 (Prop_lut5_I0_O)        0.119     2.145 r  counter[3]_i_1/O
                         net (fo=1, routed)           0.000     2.145    counter[3]_i_1_n_0
    SLICE_X0Y52          FDCE                                         r  counter_reg[3]/D
  -------------------------------------------------------------------    -------------------

Slack:                    inf
  Source:                 up_down
                            (input port)
  Destination:            counter_reg[1]/D
  Path Group:             (none)
  Path Type:              Max at Slow Process Corner
  Data Path Delay:        2.140ns  (logic 1.102ns (51.509%)  route 1.038ns (48.491%))
  Logic Levels:           2  (IBUF=1 LUT3=1)

    Location             Delay type                Incr(ns)  Path(ns)    Netlist Resource(s)
  -------------------------------------------------------------------    -------------------
    V14                                               0.000     0.000 r  up_down (IN)
                         net (fo=0)                   0.000     0.000    up_down
    V14                  IBUF (Prop_ibuf_I_O)         0.984     0.984 r  up_down_IBUF_inst/O
                         net (fo=3, routed)           1.038     2.022    up_down_IBUF
    SLICE_X0Y52          LUT3 (Prop_lut3_I1_O)        0.118     2.140 r  counter[1]_i_1/O
                         net (fo=1, routed)           0.000     2.140    counter[1]_i_1_n_0
    SLICE_X0Y52          FDCE                                         r  counter_reg[1]/D
  -------------------------------------------------------------------    -------------------

Slack:                    inf
  Source:                 reset
                            (input port)
  Destination:            counter_reg[0]/CLR
  Path Group:             (none)
  Path Type:              Max at Slow Process Corner
  Data Path Delay:        2.031ns  (logic 0.987ns (48.594%)  route 1.044ns (51.406%))
  Logic Levels:           1  (IBUF=1)

    Location             Delay type                Incr(ns)  Path(ns)    Netlist Resource(s)
  -------------------------------------------------------------------    -------------------
    T13                                               0.000     0.000 f  reset (IN)
                         net (fo=0)                   0.000     0.000    reset
    T13                  IBUF (Prop_ibuf_I_O)         0.987     0.987 f  reset_IBUF_inst/O
                         net (fo=4, routed)           1.044     2.031    reset_IBUF
    SLICE_X0Y52          FDCE                                         f  counter_reg[0]/CLR
  -------------------------------------------------------------------    -------------------

Slack:                    inf
  Source:                 reset
                            (input port)
  Destination:            counter_reg[1]/CLR
  Path Group:             (none)
  Path Type:              Max at Slow Process Corner
  Data Path Delay:        2.031ns  (logic 0.987ns (48.594%)  route 1.044ns (51.406%))
  Logic Levels:           1  (IBUF=1)

    Location             Delay type                Incr(ns)  Path(ns)    Netlist Resource(s)
  -------------------------------------------------------------------    -------------------
    T13                                               0.000     0.000 f  reset (IN)
                         net (fo=0)                   0.000     0.000    reset
    T13                  IBUF (Prop_ibuf_I_O)         0.987     0.987 f  reset_IBUF_inst/O
                         net (fo=4, routed)           1.044     2.031    reset_IBUF
    SLICE_X0Y52          FDCE                                         f  counter_reg[1]/CLR
  -------------------------------------------------------------------    -------------------

Slack:                    inf
  Source:                 reset
                            (input port)
  Destination:            counter_reg[2]/CLR
  Path Group:             (none)
  Path Type:              Max at Slow Process Corner
  Data Path Delay:        2.031ns  (logic 0.987ns (48.594%)  route 1.044ns (51.406%))
  Logic Levels:           1  (IBUF=1)

    Location             Delay type                Incr(ns)  Path(ns)    Netlist Resource(s)
  -------------------------------------------------------------------    -------------------
    T13                                               0.000     0.000 f  reset (IN)
                         net (fo=0)                   0.000     0.000    reset
    T13                  IBUF (Prop_ibuf_I_O)         0.987     0.987 f  reset_IBUF_inst/O
                         net (fo=4, routed)           1.044     2.031    reset_IBUF
    SLICE_X0Y52          FDCE                                         f  counter_reg[2]/CLR
  -------------------------------------------------------------------    -------------------





Min Delay Paths
--------------------------------------------------------------------------------------
Slack:                    inf
  Source:                 counter_reg[0]/C
                            (rising edge-triggered cell FDCE)
  Destination:            counter_reg[3]/D
  Path Group:             (none)
  Path Type:              Min at Fast Process Corner
  Data Path Delay:        0.369ns  (logic 0.184ns (49.867%)  route 0.185ns (50.133%))
  Logic Levels:           2  (FDCE=1 LUT5=1)

    Location             Delay type                Incr(ns)  Path(ns)    Netlist Resource(s)
  -------------------------------------------------------------------    -------------------
    SLICE_X0Y52          FDCE                         0.000     0.000 r  counter_reg[0]/C
    SLICE_X0Y52          FDCE (Prop_fdce_C_Q)         0.141     0.141 r  counter_reg[0]/Q
                         net (fo=5, routed)           0.185     0.326    count_OBUF[0]
    SLICE_X0Y52          LUT5 (Prop_lut5_I1_O)        0.043     0.369 r  counter[3]_i_1/O
                         net (fo=1, routed)           0.000     0.369    counter[3]_i_1_n_0
    SLICE_X0Y52          FDCE                                         r  counter_reg[3]/D
  -------------------------------------------------------------------    -------------------

Slack:                    inf
  Source:                 counter_reg[0]/C
                            (rising edge-triggered cell FDCE)
  Destination:            counter_reg[2]/D
  Path Group:             (none)
  Path Type:              Min at Fast Process Corner
  Data Path Delay:        0.371ns  (logic 0.186ns (50.137%)  route 0.185ns (49.863%))
  Logic Levels:           2  (FDCE=1 LUT4=1)

    Location             Delay type                Incr(ns)  Path(ns)    Netlist Resource(s)
  -------------------------------------------------------------------    -------------------
    SLICE_X0Y52          FDCE                         0.000     0.000 r  counter_reg[0]/C
    SLICE_X0Y52          FDCE (Prop_fdce_C_Q)         0.141     0.141 r  counter_reg[0]/Q
                         net (fo=5, routed)           0.185     0.326    count_OBUF[0]
    SLICE_X0Y52          LUT4 (Prop_lut4_I0_O)        0.045     0.371 r  counter[2]_i_1/O
                         net (fo=1, routed)           0.000     0.371    counter[2]_i_1_n_0
    SLICE_X0Y52          FDCE                                         r  counter_reg[2]/D
  -------------------------------------------------------------------    -------------------

Slack:                    inf
  Source:                 counter_reg[0]/C
                            (rising edge-triggered cell FDCE)
  Destination:            counter_reg[1]/D
  Path Group:             (none)
  Path Type:              Min at Fast Process Corner
  Data Path Delay:        0.379ns  (logic 0.183ns (48.298%)  route 0.196ns (51.702%))
  Logic Levels:           2  (FDCE=1 LUT3=1)

    Location             Delay type                Incr(ns)  Path(ns)    Netlist Resource(s)
  -------------------------------------------------------------------    -------------------
    SLICE_X0Y52          FDCE                         0.000     0.000 r  counter_reg[0]/C
    SLICE_X0Y52          FDCE (Prop_fdce_C_Q)         0.141     0.141 r  counter_reg[0]/Q
                         net (fo=5, routed)           0.196     0.337    count_OBUF[0]
    SLICE_X0Y52          LUT3 (Prop_lut3_I0_O)        0.042     0.379 r  counter[1]_i_1/O
                         net (fo=1, routed)           0.000     0.379    counter[1]_i_1_n_0
    SLICE_X0Y52          FDCE                                         r  counter_reg[1]/D
  -------------------------------------------------------------------    -------------------

Slack:                    inf
  Source:                 counter_reg[0]/C
                            (rising edge-triggered cell FDCE)
  Destination:            counter_reg[0]/D
  Path Group:             (none)
  Path Type:              Min at Fast Process Corner
  Data Path Delay:        0.382ns  (logic 0.186ns (48.704%)  route 0.196ns (51.296%))
  Logic Levels:           2  (FDCE=1 LUT1=1)

    Location             Delay type                Incr(ns)  Path(ns)    Netlist Resource(s)
  -------------------------------------------------------------------    -------------------
    SLICE_X0Y52          FDCE                         0.000     0.000 r  counter_reg[0]/C
    SLICE_X0Y52          FDCE (Prop_fdce_C_Q)         0.141     0.141 f  counter_reg[0]/Q
                         net (fo=5, routed)           0.196     0.337    count_OBUF[0]
    SLICE_X0Y52          LUT1 (Prop_lut1_I0_O)        0.045     0.382 r  counter[0]_i_1/O
                         net (fo=1, routed)           0.000     0.382    counter[0]_i_1_n_0
    SLICE_X0Y52          FDCE                                         r  counter_reg[0]/D
  -------------------------------------------------------------------    -------------------

Slack:                    inf
  Source:                 reset
                            (input port)
  Destination:            counter_reg[0]/CLR
  Path Group:             (none)
  Path Type:              Min at Fast Process Corner
  Data Path Delay:        0.626ns  (logic 0.216ns (34.462%)  route 0.410ns (65.538%))
  Logic Levels:           1  (IBUF=1)

    Location             Delay type                Incr(ns)  Path(ns)    Netlist Resource(s)
  -------------------------------------------------------------------    -------------------
    T13                                               0.000     0.000 f  reset (IN)
                         net (fo=0)                   0.000     0.000    reset
    T13                  IBUF (Prop_ibuf_I_O)         0.216     0.216 f  reset_IBUF_inst/O
                         net (fo=4, routed)           0.410     0.626    reset_IBUF
    SLICE_X0Y52          FDCE                                         f  counter_reg[0]/CLR
  -------------------------------------------------------------------    -------------------

Slack:                    inf
  Source:                 reset
                            (input port)
  Destination:            counter_reg[1]/CLR
  Path Group:             (none)
  Path Type:              Min at Fast Process Corner
  Data Path Delay:        0.626ns  (logic 0.216ns (34.462%)  route 0.410ns (65.538%))
  Logic Levels:           1  (IBUF=1)

    Location             Delay type                Incr(ns)  Path(ns)    Netlist Resource(s)
  -------------------------------------------------------------------    -------------------
    T13                                               0.000     0.000 f  reset (IN)
                         net (fo=0)                   0.000     0.000    reset
    T13                  IBUF (Prop_ibuf_I_O)         0.216     0.216 f  reset_IBUF_inst/O
                         net (fo=4, routed)           0.410     0.626    reset_IBUF
    SLICE_X0Y52          FDCE                                         f  counter_reg[1]/CLR
  -------------------------------------------------------------------    -------------------

Slack:                    inf
  Source:                 reset
                            (input port)
  Destination:            counter_reg[2]/CLR
  Path Group:             (none)
  Path Type:              Min at Fast Process Corner
  Data Path Delay:        0.626ns  (logic 0.216ns (34.462%)  route 0.410ns (65.538%))
  Logic Levels:           1  (IBUF=1)

    Location             Delay type                Incr(ns)  Path(ns)    Netlist Resource(s)
  -------------------------------------------------------------------    -------------------
    T13                                               0.000     0.000 f  reset (IN)
                         net (fo=0)                   0.000     0.000    reset
    T13                  IBUF (Prop_ibuf_I_O)         0.216     0.216 f  reset_IBUF_inst/O
                         net (fo=4, routed)           0.410     0.626    reset_IBUF
    SLICE_X0Y52          FDCE                                         f  counter_reg[2]/CLR
  -------------------------------------------------------------------    -------------------

Slack:                    inf
  Source:                 reset
                            (input port)
  Destination:            counter_reg[3]/CLR
  Path Group:             (none)
  Path Type:              Min at Fast Process Corner
  Data Path Delay:        0.626ns  (logic 0.216ns (34.462%)  route 0.410ns (65.538%))
  Logic Levels:           1  (IBUF=1)

    Location             Delay type                Incr(ns)  Path(ns)    Netlist Resource(s)
  -------------------------------------------------------------------    -------------------
    T13                                               0.000     0.000 f  reset (IN)
                         net (fo=0)                   0.000     0.000    reset
    T13                  IBUF (Prop_ibuf_I_O)         0.216     0.216 f  reset_IBUF_inst/O
                         net (fo=4, routed)           0.410     0.626    reset_IBUF
    SLICE_X0Y52          FDCE                                         f  counter_reg[3]/CLR
  -------------------------------------------------------------------    -------------------

Slack:                    inf
  Source:                 counter_reg[0]/C
                            (rising edge-triggered cell FDCE)
  Destination:            count[0]
                            (output port)
  Path Group:             (none)
  Path Type:              Min at Fast Process Corner
  Data Path Delay:        1.675ns  (logic 1.306ns (77.997%)  route 0.368ns (22.003%))
  Logic Levels:           2  (FDCE=1 OBUF=1)

    Location             Delay type                Incr(ns)  Path(ns)    Netlist Resource(s)
  -------------------------------------------------------------------    -------------------
    SLICE_X0Y52          FDCE                         0.000     0.000 r  counter_reg[0]/C
    SLICE_X0Y52          FDCE (Prop_fdce_C_Q)         0.141     0.141 r  counter_reg[0]/Q
                         net (fo=5, routed)           0.368     0.509    count_OBUF[0]
    R10                  OBUF (Prop_obuf_I_O)         1.165     1.675 r  count_OBUF[0]_inst/O
                         net (fo=0)                   0.000     1.675    count[0]
    R10                                                               r  count[0] (OUT)
  -------------------------------------------------------------------    -------------------

Slack:                    inf
  Source:                 counter_reg[2]/C
                            (rising edge-triggered cell FDCE)
  Destination:            count[2]
                            (output port)
  Path Group:             (none)
  Path Type:              Min at Fast Process Corner
  Data Path Delay:        1.689ns  (logic 1.325ns (78.442%)  route 0.364ns (21.558%))
  Logic Levels:           2  (FDCE=1 OBUF=1)

    Location             Delay type                Incr(ns)  Path(ns)    Netlist Resource(s)
  -------------------------------------------------------------------    -------------------
    SLICE_X0Y52          FDCE                         0.000     0.000 r  counter_reg[2]/C
    SLICE_X0Y52          FDCE (Prop_fdce_C_Q)         0.141     0.141 r  counter_reg[2]/Q
                         net (fo=3, routed)           0.364     0.505    count_OBUF[2]
    T9                   OBUF (Prop_obuf_I_O)         1.184     1.689 r  count_OBUF[2]_inst/O
                         net (fo=0)                   0.000     1.689    count[2]
    T9                                                                r  count[2] (OUT)
  -------------------------------------------------------------------    -------------------





