#-----------------------------------------------------------
# Vivado v2024.2 (64-bit)
# SW Build 5239630 on Fri Nov 08 22:35:27 MST 2024
# IP Build 5239520 on Sun Nov 10 16:12:51 MST 2024
# SharedData Build 5239561 on Fri Nov 08 14:39:27 MST 2024
# Start of session at: Mon Jul 28 19:59:10 2025
# Process ID         : 10272
# Current directory  : E:/Xilinx_project/full_adder
# Command line       : vivado.exe -gui_launcher_event rodinguilauncherevent13228 E:\Xilinx_project\full_adder\full_adder.xpr
# Log file           : E:/Xilinx_project/full_adder/vivado.log
# Journal file       : E:/Xilinx_project/full_adder\vivado.jou
# Running On         : DESKTOP-BEQKE54
# Platform           : Windows Server 2016 or Windows 10
# Operating System   : 19045
# Processor Detail   : AMD Ryzen 3 3300U with Radeon Vega Mobile Gfx  
# CPU Frequency      : 2096 MHz
# CPU Physical cores : 4
# CPU Logical cores  : 4
# Host memory        : 3667 MB
# Swap memory        : 9285 MB
# Total Virtual      : 12953 MB
# Available Virtual  : 2312 MB
#-----------------------------------------------------------
start_gui
open_project E:/Xilinx_project/full_adder/full_adder.xpr
INFO: [filemgmt 56-3] Default IP Output Path : Could not find the directory 'E:/Xilinx_project/full_adder/full_adder.gen/sources_1'.
Scanning sources...
Finished scanning sources
INFO: [IP_Flow 19-234] Refreshing IP repositories
INFO: [IP_Flow 19-1704] No user IP repositories specified
INFO: [IP_Flow 19-2313] Loaded Vivado IP repository 'D:/Xilinx/Vivado/2024.2/data/ip'.
open_project: Time (s): cpu = 00:00:24 ; elapsed = 00:00:29 . Memory (MB): peak = 1219.270 ; gain = 111.914uupdate_compile_order -fileset sources_1eexit
INFO: [Common 17-206] Exiting Vivado at Tue Jul 29 10:24:06 2025...
